--------------------------------------------------------------------------------
Release 14.7 Trace  (nt64)
Copyright (c) 1995-2013 Xilinx, Inc.  All rights reserved.

C:\Xilinx\14.7\ISE_DS\ISE\bin\nt64\unwrapped\trce.exe -intstyle ise -v 3 -s 4
-n 3 -fastpaths -xml sprinkler_circuit.twx sprinkler_circuit.ncd -o
sprinkler_circuit.twr sprinkler_circuit.pcf -ucf kajgsrja.ucf

Design file:              sprinkler_circuit.ncd
Physical constraint file: sprinkler_circuit.pcf
Device,package,speed:     xa3s100e,cpg132,-4 (PRODUCTION 1.27 2013-10-13)
Report level:             verbose report

Environment Variable      Effect 
--------------------      ------ 
NONE                      No environment variables were set
--------------------------------------------------------------------------------

INFO:Timing:2698 - No timing constraints found, doing default enumeration.
INFO:Timing:3412 - To improve timing, see the Timing Closure User Guide (UG612).
INFO:Timing:2752 - To get complete path coverage, use the unconstrained paths 
   option. All paths that are not constrained will be reported in the 
   unconstrained paths section(s) of the report.
INFO:Timing:3339 - The clock-to-out numbers in this timing report are based on 
   a 50 Ohm transmission line loading model.  For the details of this model, 
   and for more information on accounting for different loading conditions, 
   please see the device datasheet.
INFO:Timing:3390 - This architecture does not support a default System Jitter 
   value, please add SYSTEM_JITTER constraint to the UCF to modify the Clock 
   Uncertainty calculation.
INFO:Timing:3389 - This architecture does not support 'Discrete Jitter' and 
   'Phase Error' calculations, these terms will be zero in the Clock 
   Uncertainty calculation.  Please make appropriate modification to 
   SYSTEM_JITTER to account for the unsupported Discrete Jitter and Phase 
   Error.



Data Sheet report:
-----------------
All values displayed in nanoseconds (ns)

Pad to Pad
---------------+---------------+---------+
Source Pad     |Destination Pad|  Delay  |
---------------+---------------+---------+
A              |d0             |    7.546|
A              |d1             |    7.061|
A              |d2             |    7.218|
A              |d3             |    7.392|
A              |d4             |    7.381|
A              |d5             |    7.525|
A              |d6             |    7.306|
A              |d7             |    7.705|
B              |d0             |    8.087|
B              |d1             |    8.117|
B              |d2             |    8.277|
B              |d3             |    8.552|
B              |d4             |    8.985|
B              |d5             |    8.526|
B              |d6             |    8.369|
B              |d7             |    8.293|
C              |d0             |    7.928|
C              |d1             |    8.418|
C              |d2             |    7.767|
C              |d3             |    8.171|
C              |d4             |    8.474|
C              |d5             |    8.047|
C              |d6             |    8.728|
C              |d7             |    7.720|
E              |d0             |    7.560|
E              |d1             |    8.242|
E              |d2             |    7.566|
E              |d3             |    8.340|
E              |d4             |    8.437|
E              |d5             |    7.808|
E              |d6             |    8.525|
E              |d7             |    7.960|
---------------+---------------+---------+


Analysis completed Mon Jun 29 13:58:34 2015 
--------------------------------------------------------------------------------

Trace Settings:
-------------------------
Trace Settings 

Peak Memory Usage: 152 MB



