Command line:
   sprinkler_circuit_isim_beh.exe
     -simmode  gui
     -simrunnum  0
     -socket  2596

Thu Jun 25 16:28:58 2015


 Elaboration Time: 0.0468 sec

 Current Memory Usage: 506.126 Meg

 Total Signals          : 86
 Total Nets             : 40
 Total Signal Drivers   : 11
 Total Blocks           : 15
 Total Primitive Blocks : 14
 Total Processes        : 11
 Total Traceable Variables  : 13
 Total Scalar Nets and Variables : 523
Total Line Count : 11

 Total Simulation Time: 0.0624 sec

 Current Memory Usage: 506.126 Meg

Thu Jun 25 16:29:11 2015

