--------------------------------------------------------------------------------
Release 14.5 Trace  (nt64)
Copyright (c) 1995-2012 Xilinx, Inc.  All rights reserved.

C:\Xilinx\14.5\ISE_DS\ISE\bin\nt64\unwrapped\trce.exe -intstyle ise -v 3 -s 5
-n 3 -fastpaths -xml Adder_schem.twx Adder_schem.ncd -o Adder_schem.twr
Adder_schem.pcf -ucf ADDER_CONST.ucf

Design file:              Adder_schem.ncd
Physical constraint file: Adder_schem.pcf
Device,package,speed:     xc3s100e,cp132,-5 (PRODUCTION 1.27 2013-03-26)
Report level:             verbose report

Environment Variable      Effect 
--------------------      ------ 
NONE                      No environment variables were set
--------------------------------------------------------------------------------

INFO:Timing:2698 - No timing constraints found, doing default enumeration.
INFO:Timing:3412 - To improve timing, see the Timing Closure User Guide (UG612).
INFO:Timing:2752 - To get complete path coverage, use the unconstrained paths 
   option. All paths that are not constrained will be reported in the 
   unconstrained paths section(s) of the report.
INFO:Timing:3339 - The clock-to-out numbers in this timing report are based on 
   a 50 Ohm transmission line loading model.  For the details of this model, 
   and for more information on accounting for different loading conditions, 
   please see the device datasheet.
INFO:Timing:3390 - This architecture does not support a default System Jitter 
   value, please add SYSTEM_JITTER constraint to the UCF to modify the Clock 
   Uncertainty calculation.
INFO:Timing:3389 - This architecture does not support 'Discrete Jitter' and 
   'Phase Error' calculations, these terms will be zero in the Clock 
   Uncertainty calculation.  Please make appropriate modification to 
   SYSTEM_JITTER to account for the unsupported Discrete Jitter and Phase 
   Error.



Data Sheet report:
-----------------
All values displayed in nanoseconds (ns)

Setup/Hold to clock CLOCK
------------+------------+------------+------------------+--------+
            |Max Setup to|Max Hold to |                  | Clock  |
Source      | clk (edge) | clk (edge) |Internal Clock(s) | Phase  |
------------+------------+------------+------------------+--------+
A0          |    4.517(R)|    0.396(R)|CLOCK_BUFGP       |   0.000|
A1          |    3.479(R)|   -0.470(R)|CLOCK_BUFGP       |   0.000|
A2          |    2.966(R)|   -0.092(R)|CLOCK_BUFGP       |   0.000|
A3          |    2.724(R)|   -0.898(R)|CLOCK_BUFGP       |   0.000|
B0          |    3.890(R)|    0.561(R)|CLOCK_BUFGP       |   0.000|
B1          |    3.722(R)|   -0.657(R)|CLOCK_BUFGP       |   0.000|
B2          |    2.975(R)|   -0.152(R)|CLOCK_BUFGP       |   0.000|
B3          |    2.403(R)|   -0.705(R)|CLOCK_BUFGP       |   0.000|
LOAD        |    1.705(R)|   -0.067(R)|CLOCK_BUFGP       |   0.000|
------------+------------+------------+------------------+--------+

Clock CLOCK to Pad
------------+------------+------------------+--------+
            | clk (edge) |                  | Clock  |
Destination |   to PAD   |Internal Clock(s) | Phase  |
------------+------------+------------------+--------+
OUT0        |    7.370(R)|CLOCK_BUFGP       |   0.000|
OUT1        |    8.068(R)|CLOCK_BUFGP       |   0.000|
OUT2        |    7.560(R)|CLOCK_BUFGP       |   0.000|
OUT3        |    7.942(R)|CLOCK_BUFGP       |   0.000|
OUT4        |    7.682(R)|CLOCK_BUFGP       |   0.000|
------------+------------+------------------+--------+

Clock to Setup on destination clock CLOCK
---------------+---------+---------+---------+---------+
               | Src:Rise| Src:Fall| Src:Rise| Src:Fall|
Source Clock   |Dest:Rise|Dest:Rise|Dest:Fall|Dest:Fall|
---------------+---------+---------+---------+---------+
CLOCK          |    1.611|         |         |         |
---------------+---------+---------+---------+---------+


Analysis completed Tue Jul 14 19:55:49 2015 
--------------------------------------------------------------------------------

Trace Settings:
-------------------------
Trace Settings 

Peak Memory Usage: 150 MB



